[2024-12-11 08:30:00 +0000] [17496] [INFO] Starting gunicorn 23.0.0
[2024-12-11 08:30:00 +0000] [17496] [INFO] Listening at: http://127.0.0.1:8000 (17496)
[2024-12-11 08:30:00 +0000] [17496] [INFO] Using worker: sync
[2024-12-11 08:30:00 +0000] [17497] [INFO] Booting worker with pid: 17497
[2024-12-11 08:30:00 +0000] [17497] [ERROR] Exception in worker process
Traceback (most recent call last):
  File "/home/ubuntu/proyectoBD2/venv/lib/python3.10/site-packages/gunicorn/arbiter.py", line 608, in spawn_worker
    worker.init_process()
  File "/home/ubuntu/proyectoBD2/venv/lib/python3.10/site-packages/gunicorn/workers/base.py", line 135, in init_process
    self.load_wsgi()
  File "/home/ubuntu/proyectoBD2/venv/lib/python3.10/site-packages/gunicorn/workers/base.py", line 147, in load_wsgi
    self.wsgi = self.app.wsgi()
  File "/home/ubuntu/proyectoBD2/venv/lib/python3.10/site-packages/gunicorn/app/base.py", line 66, in wsgi
    self.callable = self.load()
  File "/home/ubuntu/proyectoBD2/venv/lib/python3.10/site-packages/gunicorn/app/wsgiapp.py", line 57, in load
    return self.load_wsgiapp()
  File "/home/ubuntu/proyectoBD2/venv/lib/python3.10/site-packages/gunicorn/app/wsgiapp.py", line 47, in load_wsgiapp
    return util.import_app(self.app_uri)
  File "/home/ubuntu/proyectoBD2/venv/lib/python3.10/site-packages/gunicorn/util.py", line 370, in import_app
    mod = importlib.import_module(module)
  File "/usr/lib/python3.10/importlib/__init__.py", line 126, in import_module
    return _bootstrap._gcd_import(name[level:], package, level)
  File "<frozen importlib._bootstrap>", line 1050, in _gcd_import
  File "<frozen importlib._bootstrap>", line 1027, in _find_and_load
  File "<frozen importlib._bootstrap>", line 1004, in _find_and_load_unlocked
ModuleNotFoundError: No module named 'myBD.wsgi'
[2024-12-11 08:30:00 +0000] [17497] [INFO] Worker exiting (pid: 17497)
[2024-12-11 08:30:00 +0000] [17496] [ERROR] Worker (pid:17497) exited with code 3
[2024-12-11 08:30:00 +0000] [17496] [ERROR] Shutting down: Master
[2024-12-11 08:30:00 +0000] [17496] [ERROR] Reason: Worker failed to boot.
